TN:
SF:middleware\auth.js
FN:4,(anonymous_0)
FN:103,(anonymous_1)
FN:104,(anonymous_2)
FNF:3
FNH:0
FNDA:0,(anonymous_0)
FNDA:0,(anonymous_1)
FNDA:0,(anonymous_2)
DA:1,0
DA:4,0
DA:5,0
DA:6,0
DA:10,0
DA:11,0
DA:12,0
DA:15,0
DA:16,0
DA:17,0
DA:24,0
DA:25,0
DA:28,0
DA:29,0
DA:30,0
DA:38,0
DA:42,0
DA:43,0
DA:50,0
DA:51,0
DA:52,0
DA:54,0
DA:55,0
DA:61,0
DA:62,0
DA:68,0
DA:69,0
DA:71,0
DA:72,0
DA:79,0
DA:81,0
DA:82,0
DA:88,0
DA:89,0
DA:95,0
DA:103,0
DA:104,0
DA:105,0
DA:106,0
DA:107,0
DA:108,0
DA:113,0
DA:114,0
DA:119,0
DA:122,0
DA:124,0
LF:46
LH:0
BRDA:10,0,0,0
BRDA:10,0,1,0
BRDA:10,1,0,0
BRDA:10,1,1,0
BRDA:15,2,0,0
BRDA:15,2,1,0
BRDA:28,3,0,0
BRDA:28,3,1,0
BRDA:42,4,0,0
BRDA:42,4,1,0
BRDA:54,5,0,0
BRDA:54,5,1,0
BRDA:61,6,0,0
BRDA:61,6,1,0
BRDA:81,7,0,0
BRDA:81,7,1,0
BRDA:88,8,0,0
BRDA:88,8,1,0
BRDA:106,9,0,0
BRDA:106,9,1,0
BRDA:106,10,0,0
BRDA:106,10,1,0
BRF:22
BRH:0
end_of_record
TN:
SF:middleware\errorHandler.js
FN:1,(anonymous_0)
FN:23,(anonymous_1)
FNF:2
FNH:0
FNDA:0,(anonymous_0)
FNDA:0,(anonymous_1)
DA:1,0
DA:2,0
DA:3,0
DA:6,0
DA:9,0
DA:10,0
DA:11,0
DA:15,0
DA:16,0
DA:17,0
DA:18,0
DA:22,0
DA:23,0
DA:24,0
DA:28,0
DA:29,0
DA:30,0
DA:33,0
DA:34,0
DA:35,0
DA:38,0
DA:45,0
LF:22
LH:0
BRDA:9,0,0,0
BRDA:9,0,1,0
BRDA:15,1,0,0
BRDA:15,1,1,0
BRDA:22,2,0,0
BRDA:22,2,1,0
BRDA:28,3,0,0
BRDA:28,3,1,0
BRDA:33,4,0,0
BRDA:33,4,1,0
BRDA:38,5,0,0
BRDA:38,5,1,0
BRDA:40,6,0,0
BRDA:40,6,1,0
BRDA:41,7,0,0
BRDA:41,7,1,0
BRF:16
BRH:0
end_of_record
TN:
SF:middleware\validation.js
FN:4,(anonymous_0)
FNF:1
FNH:0
FNDA:0,(anonymous_0)
DA:1,0
DA:4,0
DA:5,0
DA:6,0
DA:7,0
DA:13,0
DA:17,0
DA:40,0
DA:54,0
DA:103,0
DA:132,0
DA:182,0
LF:12
LH:0
BRDA:6,0,0,0
BRDA:6,0,1,0
BRF:2
BRH:0
end_of_record
TN:
SF:models\Achievement.js
FN:7,(anonymous_0)
FN:100,(anonymous_1)
FNF:2
FNH:0
FNDA:0,(anonymous_0)
FNDA:0,(anonymous_1)
DA:1,0
DA:3,0
DA:7,0
DA:94,0
DA:95,0
DA:96,0
DA:97,0
DA:100,0
DA:101,0
DA:104,0
LF:10
LH:0
BRF:0
BRH:0
end_of_record
TN:
SF:models\Admission.js
FN:125,(anonymous_0)
FN:133,(anonymous_1)
FNF:2
FNH:0
FNDA:0,(anonymous_0)
FNDA:0,(anonymous_1)
DA:1,0
DA:3,0
DA:125,0
DA:126,0
DA:127,0
DA:128,0
DA:129,0
DA:133,0
DA:134,0
DA:135,0
DA:136,0
DA:137,0
DA:138,0
DA:140,0
DA:141,0
DA:144,0
DA:148,0
DA:149,0
DA:150,0
DA:152,0
LF:20
LH:0
BRDA:134,0,0,0
BRDA:134,0,1,0
BRDA:140,1,0,0
BRDA:140,1,1,0
BRDA:140,2,0,0
BRDA:140,2,1,0
BRDA:140,2,2,0
BRF:7
BRH:0
end_of_record
TN:
SF:models\Badge.js
FN:7,(anonymous_0)
FN:74,(anonymous_1)
FNF:2
FNH:0
FNDA:0,(anonymous_0)
FNDA:0,(anonymous_1)
DA:1,0
DA:3,0
DA:7,0
DA:74,0
DA:75,0
DA:76,0
DA:80,0
DA:81,0
DA:82,0
DA:84,0
LF:10
LH:0
BRF:0
BRH:0
end_of_record
TN:
SF:models\Certificate.js
FN:8,(anonymous_0)
FN:15,(anonymous_1)
FN:140,(anonymous_2)
FN:146,(anonymous_3)
FN:152,(anonymous_4)
FNF:5
FNH:3
FNDA:244,(anonymous_0)
FNDA:0,(anonymous_1)
FNDA:539,(anonymous_2)
FNDA:0,(anonymous_3)
FNDA:51,(anonymous_4)
DA:1,2
DA:2,2
DA:4,2
DA:8,244
DA:15,0
DA:134,2
DA:135,2
DA:136,2
DA:137,2
DA:140,2
DA:141,539
DA:142,539
DA:146,2
DA:147,0
DA:148,0
DA:152,2
DA:153,51
DA:154,51
DA:157,2
LF:19
LH:16
BRF:0
BRH:0
end_of_record
TN:
SF:models\CertificateTemplate.js
FN:53,(anonymous_0)
FN:148,(anonymous_1)
FN:170,(anonymous_2)
FNF:3
FNH:2
FNDA:27,(anonymous_0)
FNDA:27,(anonymous_1)
FNDA:0,(anonymous_2)
DA:1,2
DA:3,2
DA:49,2
DA:53,27
DA:148,2
DA:149,27
DA:152,27
DA:153,0
DA:161,27
DA:165,2
DA:166,2
DA:167,2
DA:170,2
DA:171,0
DA:172,0
DA:173,0
DA:175,0
DA:182,0
DA:185,2
LF:19
LH:13
BRDA:152,0,0,0
BRDA:152,0,1,27
BRDA:152,1,0,27
BRDA:152,1,1,0
BRF:4
BRH:2
end_of_record
TN:
SF:models\Contact.js
FNF:0
FNH:0
DA:1,0
DA:3,0
DA:72,0
DA:73,0
DA:74,0
DA:75,0
DA:76,0
DA:78,0
LF:8
LH:0
BRF:0
BRH:0
end_of_record
TN:
SF:models\Course.js
FN:124,(anonymous_0)
FN:129,(anonymous_1)
FN:134,(anonymous_2)
FNF:3
FNH:0
FNDA:0,(anonymous_0)
FNDA:0,(anonymous_1)
FNDA:0,(anonymous_2)
DA:1,0
DA:3,0
DA:124,0
DA:125,0
DA:129,0
DA:130,0
DA:134,0
DA:135,0
DA:136,0
DA:140,0
DA:141,0
DA:142,0
DA:144,0
LF:13
LH:0
BRF:0
BRH:0
end_of_record
TN:
SF:models\Student.js
FN:249,(anonymous_0)
FN:264,(anonymous_1)
FN:267,(anonymous_2)
FN:275,(anonymous_3)
FNF:4
FNH:1
FNDA:0,(anonymous_0)
FNDA:0,(anonymous_1)
FNDA:0,(anonymous_2)
FNDA:18,(anonymous_3)
DA:1,2
DA:3,2
DA:249,2
DA:250,0
DA:251,0
DA:252,0
DA:253,0
DA:254,0
DA:256,0
DA:257,0
DA:260,0
DA:264,2
DA:265,0
DA:267,0
DA:268,0
DA:271,0
DA:275,2
DA:276,18
DA:277,18
DA:281,2
DA:282,2
DA:283,2
DA:284,2
DA:286,2
LF:24
LH:12
BRDA:250,0,0,0
BRDA:250,0,1,0
BRDA:256,1,0,0
BRDA:256,1,1,0
BRDA:256,2,0,0
BRDA:256,2,1,0
BRDA:256,2,2,0
BRDA:265,3,0,0
BRDA:265,3,1,0
BRDA:265,4,0,0
BRDA:265,4,1,0
BRDA:268,5,0,0
BRDA:268,5,1,0
BRF:13
BRH:0
end_of_record
TN:
SF:models\User.js
FN:52,(anonymous_0)
FN:60,(anonymous_1)
FN:66,(anonymous_2)
FN:71,(anonymous_3)
FNF:4
FNH:2
FNDA:18,(anonymous_0)
FNDA:18,(anonymous_1)
FNDA:0,(anonymous_2)
FNDA:0,(anonymous_3)
DA:1,2
DA:2,2
DA:4,2
DA:52,2
DA:53,18
DA:55,18
DA:56,18
DA:60,2
DA:61,18
DA:62,18
DA:66,2
DA:67,0
DA:71,2
DA:72,0
DA:73,0
DA:76,2
LF:16
LH:13
BRDA:53,0,0,0
BRDA:53,0,1,18
BRF:2
BRH:1
end_of_record
TN:
SF:routes\achievements.js
FN:10,(anonymous_0)
FN:56,(anonymous_1)
FN:112,(anonymous_2)
FN:126,(anonymous_3)
FN:144,(anonymous_4)
FN:162,(anonymous_5)
FN:179,checkAndAwardBadges
FN:216,evaluateBadgeCriteria
FN:259,calculateNextMilestones
FNF:9
FNH:0
FNDA:0,(anonymous_0)
FNDA:0,(anonymous_1)
FNDA:0,(anonymous_2)
FNDA:0,(anonymous_3)
FNDA:0,(anonymous_4)
FNDA:0,(anonymous_5)
FNDA:0,checkAndAwardBadges
FNDA:0,evaluateBadgeCriteria
FNDA:0,calculateNextMilestones
DA:1,0
DA:2,0
DA:3,0
DA:4,0
DA:5,0
DA:6,0
DA:7,0
DA:10,0
DA:11,0
DA:12,0
DA:13,0
DA:16,0
DA:17,0
DA:18,0
DA:20,0
DA:28,0
DA:30,0
DA:40,0
DA:41,0
DA:46,0
DA:57,0
DA:58,0
DA:59,0
DA:60,0
DA:63,0
DA:64,0
DA:68,0
DA:79,0
DA:89,0
DA:90,0
DA:93,0
DA:95,0
DA:97,0
DA:103,0
DA:104,0
DA:112,0
DA:113,0
DA:115,0
DA:117,0
DA:120,0
DA:126,0
DA:129,0
DA:131,0
DA:138,0
DA:139,0
DA:144,0
DA:145,0
DA:146,0
DA:147,0
DA:150,0
DA:161,0
DA:162,0
DA:164,0
DA:173,0
DA:174,0
DA:180,0
DA:181,0
DA:186,0
DA:187,0
DA:188,0
DA:190,0
DA:195,0
DA:197,0
DA:206,0
DA:211,0
DA:217,0
DA:218,0
DA:220,0
DA:222,0
DA:223,0
DA:224,0
DA:226,0
DA:229,0
DA:230,0
DA:232,0
DA:235,0
DA:236,0
DA:238,0
DA:241,0
DA:242,0
DA:243,0
DA:244,0
DA:245,0
DA:248,0
DA:251,0
DA:253,0
DA:254,0
DA:260,0
DA:261,0
DA:262,0
DA:264,0
DA:267,0
DA:268,0
DA:269,0
DA:270,0
DA:279,0
DA:280,0
DA:281,0
DA:289,0
DA:291,0
DA:292,0
DA:296,0
LF:102
LH:0
BRDA:12,0,0,0
BRDA:12,0,1,0
BRDA:12,1,0,0
BRDA:12,1,1,0
BRDA:16,2,0,0
BRDA:16,2,1,0
BRDA:17,3,0,0
BRDA:17,3,1,0
BRDA:59,4,0,0
BRDA:59,4,1,0
BRDA:63,5,0,0
BRDA:63,5,1,0
BRDA:63,6,0,0
BRDA:63,6,1,0
BRDA:85,7,0,0
BRDA:85,7,1,0
BRDA:86,8,0,0
BRDA:86,8,1,0
BRDA:106,9,0,0
BRDA:106,9,1,0
BRDA:115,10,0,0
BRDA:115,10,1,0
BRDA:115,11,0,0
BRDA:115,11,1,0
BRDA:115,11,2,0
BRDA:146,12,0,0
BRDA:146,12,1,0
BRDA:188,13,0,0
BRDA:188,13,1,0
BRDA:195,14,0,0
BRDA:195,14,1,0
BRDA:220,15,0,0
BRDA:220,15,1,0
BRDA:220,15,2,0
BRDA:220,15,3,0
BRDA:222,16,0,0
BRDA:222,16,1,0
BRDA:224,17,0,0
BRDA:224,17,1,0
BRDA:229,18,0,0
BRDA:229,18,1,0
BRDA:235,19,0,0
BRDA:235,19,1,0
BRDA:241,20,0,0
BRDA:241,20,1,0
BRDA:243,21,0,0
BRDA:243,21,1,0
BRDA:262,22,0,0
BRDA:262,22,1,0
BRDA:269,23,0,0
BRDA:269,23,1,0
BRDA:279,24,0,0
BRDA:279,24,1,0
BRDA:280,25,0,0
BRDA:280,25,1,0
BRF:55
BRH:0
end_of_record
TN:
SF:routes\admin.js
FN:7,(anonymous_0)
FN:13,(anonymous_1)
FN:51,(anonymous_2)
FNF:3
FNH:0
FNDA:0,(anonymous_0)
FNDA:0,(anonymous_1)
FNDA:0,(anonymous_2)
DA:1,0
DA:2,0
DA:4,0
DA:7,0
DA:8,0
DA:9,0
DA:13,0
DA:14,0
DA:15,0
DA:37,0
DA:42,0
DA:43,0
DA:51,0
DA:52,0
DA:53,0
DA:81,0
DA:94,0
DA:95,0
DA:102,0
LF:19
LH:0
BRF:0
BRH:0
end_of_record
TN:
SF:routes\admissions.js
FN:11,(anonymous_0)
FN:73,(anonymous_1)
FN:117,(anonymous_2)
FNF:3
FNH:0
FNDA:0,(anonymous_0)
FNDA:0,(anonymous_1)
FNDA:0,(anonymous_2)
DA:1,0
DA:2,0
DA:3,0
DA:4,0
DA:6,0
DA:11,0
DA:12,0
DA:13,0
DA:16,0
DA:17,0
DA:18,0
DA:25,0
DA:28,0
DA:31,0
DA:32,0
DA:34,0
DA:39,0
DA:40,0
DA:42,0
DA:45,0
DA:62,0
DA:63,0
DA:73,0
DA:74,0
DA:75,0
DA:77,0
DA:81,0
DA:82,0
DA:88,0
DA:106,0
DA:107,0
DA:117,0
DA:118,0
DA:119,0
DA:128,0
DA:129,0
DA:135,0
DA:144,0
DA:155,0
DA:156,0
DA:163,0
LF:41
LH:0
BRDA:17,0,0,0
BRDA:17,0,1,0
BRDA:81,1,0,0
BRDA:81,1,1,0
BRF:4
BRH:0
end_of_record
TN:
SF:routes\auth.js
FN:10,(anonymous_0)
FN:19,(anonymous_1)
FN:71,(anonymous_2)
FN:125,(anonymous_3)
FN:126,(anonymous_4)
FN:204,(anonymous_5)
FN:236,(anonymous_6)
FN:272,(anonymous_7)
FN:322,(anonymous_8)
FNF:9
FNH:0
FNDA:0,(anonymous_0)
FNDA:0,(anonymous_1)
FNDA:0,(anonymous_2)
FNDA:0,(anonymous_3)
FNDA:0,(anonymous_4)
FNDA:0,(anonymous_5)
FNDA:0,(anonymous_6)
FNDA:0,(anonymous_7)
FNDA:0,(anonymous_8)
DA:1,0
DA:2,0
DA:3,0
DA:4,0
DA:5,0
DA:7,0
DA:10,0
DA:11,0
DA:19,0
DA:20,0
DA:21,0
DA:24,0
DA:25,0
DA:26,0
DA:33,0
DA:42,0
DA:44,0
DA:60,0
DA:61,0
DA:71,0
DA:72,0
DA:73,0
DA:76,0
DA:77,0
DA:78,0
DA:80,0
DA:96,0
DA:104,0
DA:105,0
DA:107,0
DA:125,0
DA:126,0
DA:129,0
DA:131,0
DA:133,0
DA:134,0
DA:140,0
DA:141,0
DA:148,0
DA:151,0
DA:153,0
DA:170,0
DA:173,0
DA:174,0
DA:175,0
DA:177,0
DA:194,0
DA:204,0
DA:205,0
DA:206,0
DA:208,0
DA:225,0
DA:226,0
DA:236,0
DA:237,0
DA:238,0
DA:240,0
DA:246,0
DA:261,0
DA:262,0
DA:272,0
DA:273,0
DA:274,0
DA:276,0
DA:277,0
DA:283,0
DA:284,0
DA:291,0
DA:294,0
DA:295,0
DA:302,0
DA:303,0
DA:305,0
DA:311,0
DA:312,0
DA:322,0
DA:323,0
DA:337,0
LF:78
LH:0
BRDA:12,0,0,0
BRDA:12,0,1,0
BRDA:25,1,0,0
BRDA:25,1,1,0
BRDA:38,2,0,0
BRDA:38,2,1,0
BRDA:38,3,0,0
BRDA:38,3,1,0
BRDA:76,4,0,0
BRDA:76,4,1,0
BRDA:77,5,0,0
BRDA:77,5,1,0
BRDA:77,6,0,0
BRDA:77,6,1,0
BRDA:104,7,0,0
BRDA:104,7,1,0
BRDA:104,8,0,0
BRDA:104,8,1,0
BRDA:133,9,0,0
BRDA:133,9,1,0
BRDA:133,10,0,0
BRDA:133,10,1,0
BRDA:140,11,0,0
BRDA:140,11,1,0
BRDA:174,12,0,0
BRDA:174,12,1,0
BRDA:174,13,0,0
BRDA:174,13,1,0
BRDA:276,14,0,0
BRDA:276,14,1,0
BRDA:276,15,0,0
BRDA:276,15,1,0
BRDA:283,16,0,0
BRDA:283,16,1,0
BRDA:294,17,0,0
BRDA:294,17,1,0
BRF:36
BRH:0
end_of_record
TN:
SF:routes\badges.js
FN:9,(anonymous_0)
FN:30,(anonymous_1)
FN:75,(anonymous_2)
FN:96,(anonymous_3)
FN:113,(anonymous_4)
FN:143,(anonymous_5)
FN:169,(anonymous_6)
FN:183,(anonymous_7)
FN:200,(anonymous_8)
FN:257,(anonymous_9)
FNF:10
FNH:0
FNDA:0,(anonymous_0)
FNDA:0,(anonymous_1)
FNDA:0,(anonymous_2)
FNDA:0,(anonymous_3)
FNDA:0,(anonymous_4)
FNDA:0,(anonymous_5)
FNDA:0,(anonymous_6)
FNDA:0,(anonymous_7)
FNDA:0,(anonymous_8)
FNDA:0,(anonymous_9)
DA:1,0
DA:2,0
DA:3,0
DA:4,0
DA:5,0
DA:6,0
DA:9,0
DA:10,0
DA:11,0
DA:12,0
DA:17,0
DA:18,0
DA:23,0
DA:31,0
DA:32,0
DA:33,0
DA:34,0
DA:37,0
DA:38,0
DA:41,0
DA:50,0
DA:51,0
DA:53,0
DA:59,0
DA:60,0
DA:61,0
DA:66,0
DA:75,0
DA:76,0
DA:77,0
DA:78,0
DA:79,0
DA:82,0
DA:84,0
DA:85,0
DA:90,0
DA:97,0
DA:98,0
DA:99,0
DA:100,0
DA:103,0
DA:104,0
DA:107,0
DA:108,0
DA:109,0
DA:113,0
DA:114,0
DA:115,0
DA:119,0
DA:121,0
DA:127,0
DA:128,0
DA:129,0
DA:134,0
DA:143,0
DA:144,0
DA:145,0
DA:146,0
DA:149,0
DA:150,0
DA:151,0
DA:154,0
DA:155,0
DA:157,0
DA:163,0
DA:164,0
DA:169,0
DA:170,0
DA:172,0
DA:174,0
DA:178,0
DA:183,0
DA:189,0
DA:194,0
DA:195,0
DA:200,0
DA:201,0
DA:202,0
DA:203,0
DA:206,0
DA:207,0
DA:209,0
DA:218,0
DA:241,0
DA:251,0
DA:252,0
DA:257,0
DA:258,0
DA:259,0
DA:260,0
DA:263,0
DA:264,0
DA:265,0
DA:269,0
DA:270,0
DA:271,0
DA:276,0
DA:278,0
DA:283,0
DA:284,0
DA:288,0
LF:101
LH:0
BRDA:33,0,0,0
BRDA:33,0,1,0
BRDA:37,1,0,0
BRDA:37,1,1,0
BRDA:44,2,0,0
BRDA:44,2,1,0
BRDA:60,3,0,0
BRDA:60,3,1,0
BRDA:68,4,0,0
BRDA:68,4,1,0
BRDA:78,5,0,0
BRDA:78,5,1,0
BRDA:99,6,0,0
BRDA:99,6,1,0
BRDA:103,7,0,0
BRDA:103,7,1,0
BRDA:108,8,0,0
BRDA:108,8,1,0
BRDA:114,9,0,0
BRDA:114,9,1,0
BRDA:128,10,0,0
BRDA:128,10,1,0
BRDA:136,11,0,0
BRDA:136,11,1,0
BRDA:145,12,0,0
BRDA:145,12,1,0
BRDA:150,13,0,0
BRDA:150,13,1,0
BRDA:159,14,0,0
BRDA:159,14,1,0
BRDA:172,15,0,0
BRDA:172,15,1,0
BRDA:172,16,0,0
BRDA:172,16,1,0
BRDA:172,16,2,0
BRDA:202,17,0,0
BRDA:202,17,1,0
BRDA:259,18,0,0
BRDA:259,18,1,0
BRDA:264,19,0,0
BRDA:264,19,1,0
BRDA:270,20,0,0
BRDA:270,20,1,0
BRF:43
BRH:0
end_of_record
TN:
SF:routes\certificate-templates.js
FN:11,(anonymous_0)
FN:35,(anonymous_1)
FN:74,(anonymous_2)
FN:91,(anonymous_3)
FN:120,(anonymous_4)
FN:134,(anonymous_5)
FN:160,(anonymous_6)
FN:184,(anonymous_7)
FN:218,(anonymous_8)
FNF:9
FNH:0
FNDA:0,(anonymous_0)
FNDA:0,(anonymous_1)
FNDA:0,(anonymous_2)
FNDA:0,(anonymous_3)
FNDA:0,(anonymous_4)
FNDA:0,(anonymous_5)
FNDA:0,(anonymous_6)
FNDA:0,(anonymous_7)
FNDA:0,(anonymous_8)
DA:1,0
DA:2,0
DA:3,0
DA:4,0
DA:5,0
DA:6,0
DA:8,0
DA:11,0
DA:12,0
DA:13,0
DA:17,0
DA:22,0
DA:23,0
DA:28,0
DA:36,0
DA:37,0
DA:38,0
DA:39,0
DA:42,0
DA:43,0
DA:46,0
DA:56,0
DA:57,0
DA:59,0
DA:65,0
DA:66,0
DA:74,0
DA:75,0
DA:76,0
DA:77,0
DA:79,0
DA:80,0
DA:85,0
DA:92,0
DA:93,0
DA:94,0
DA:95,0
DA:98,0
DA:99,0
DA:102,0
DA:103,0
DA:105,0
DA:111,0
DA:112,0
DA:120,0
DA:121,0
DA:122,0
DA:124,0
DA:125,0
DA:126,0
DA:128,0
DA:129,0
DA:134,0
DA:135,0
DA:136,0
DA:137,0
DA:140,0
DA:141,0
DA:142,0
DA:145,0
DA:146,0
DA:148,0
DA:154,0
DA:155,0
DA:160,0
DA:161,0
DA:162,0
DA:164,0
DA:165,0
DA:168,0
DA:173,0
DA:178,0
DA:179,0
DA:184,0
DA:185,0
DA:186,0
DA:187,0
DA:190,0
DA:191,0
DA:192,0
DA:196,0
DA:197,0
DA:199,0
DA:200,0
DA:205,0
DA:207,0
DA:212,0
DA:213,0
DA:218,0
DA:219,0
DA:220,0
DA:221,0
DA:224,0
DA:226,0
DA:231,0
DA:232,0
DA:236,0
LF:97
LH:0
BRDA:38,0,0,0
BRDA:38,0,1,0
BRDA:42,1,0,0
BRDA:42,1,1,0
BRDA:51,2,0,0
BRDA:51,2,1,0
BRDA:68,3,0,0
BRDA:68,3,1,0
BRDA:94,4,0,0
BRDA:94,4,1,0
BRDA:98,5,0,0
BRDA:98,5,1,0
BRDA:114,6,0,0
BRDA:114,6,1,0
BRDA:136,7,0,0
BRDA:136,7,1,0
BRDA:141,8,0,0
BRDA:141,8,1,0
BRDA:150,9,0,0
BRDA:150,9,1,0
BRDA:164,10,0,0
BRDA:164,10,1,0
BRDA:186,11,0,0
BRDA:186,11,1,0
BRDA:191,12,0,0
BRDA:191,12,1,0
BRDA:199,13,0,0
BRDA:199,13,1,0
BRDA:220,14,0,0
BRDA:220,14,1,0
BRF:30
BRH:0
end_of_record
TN:
SF:routes\certificateTemplates.js
FNF:0
FNH:0
LF:0
LH:0
BRF:0
BRH:0
end_of_record
TN:
SF:routes\certificates.js
FN:11,(anonymous_0)
FN:55,(anonymous_1)
FN:93,(anonymous_2)
FN:111,(anonymous_3)
FN:138,(anonymous_4)
FN:157,(anonymous_5)
FN:178,(anonymous_6)
FN:195,(anonymous_7)
FNF:8
FNH:0
FNDA:0,(anonymous_0)
FNDA:0,(anonymous_1)
FNDA:0,(anonymous_2)
FNDA:0,(anonymous_3)
FNDA:0,(anonymous_4)
FNDA:0,(anonymous_5)
FNDA:0,(anonymous_6)
FNDA:0,(anonymous_7)
DA:1,0
DA:2,0
DA:3,0
DA:4,0
DA:5,0
DA:6,0
DA:8,0
DA:11,0
DA:12,0
DA:14,0
DA:15,0
DA:18,0
DA:19,0
DA:20,0
DA:22,0
DA:30,0
DA:32,0
DA:42,0
DA:43,0
DA:48,0
DA:56,0
DA:58,0
DA:59,0
DA:60,0
DA:64,0
DA:65,0
DA:68,0
DA:76,0
DA:78,0
DA:84,0
DA:85,0
DA:93,0
DA:94,0
DA:95,0
DA:98,0
DA:100,0
DA:103,0
DA:105,0
DA:106,0
DA:111,0
DA:112,0
DA:113,0
DA:114,0
DA:115,0
DA:119,0
DA:121,0
DA:125,0
DA:128,0
DA:130,0
DA:131,0
DA:136,0
DA:139,0
DA:140,0
DA:141,0
DA:142,0
DA:145,0
DA:146,0
DA:148,0
DA:149,0
DA:157,0
DA:158,0
DA:160,0
DA:161,0
DA:164,0
DA:165,0
DA:166,0
DA:169,0
DA:170,0
DA:172,0
DA:173,0
DA:178,0
DA:179,0
DA:181,0
DA:183,0
DA:186,0
DA:187,0
DA:189,0
DA:190,0
DA:195,0
DA:196,0
DA:197,0
DA:198,0
DA:201,0
DA:202,0
DA:204,0
DA:205,0
DA:209,0
LF:87
LH:0
BRDA:14,0,0,0
BRDA:14,0,1,0
BRDA:14,1,0,0
BRDA:14,1,1,0
BRDA:18,2,0,0
BRDA:18,2,1,0
BRDA:19,3,0,0
BRDA:19,3,1,0
BRDA:59,4,0,0
BRDA:59,4,1,0
BRDA:64,5,0,0
BRDA:64,5,1,0
BRDA:64,6,0,0
BRDA:64,6,1,0
BRDA:87,7,0,0
BRDA:87,7,1,0
BRDA:98,8,0,0
BRDA:98,8,1,0
BRDA:98,9,0,0
BRDA:98,9,1,0
BRDA:98,9,2,0
BRDA:114,10,0,0
BRDA:114,10,1,0
BRDA:119,11,0,0
BRDA:119,11,1,0
BRDA:119,12,0,0
BRDA:119,12,1,0
BRDA:119,12,2,0
BRDA:141,13,0,0
BRDA:141,13,1,0
BRDA:160,14,0,0
BRDA:160,14,1,0
BRDA:165,15,0,0
BRDA:165,15,1,0
BRDA:181,16,0,0
BRDA:181,16,1,0
BRDA:181,17,0,0
BRDA:181,17,1,0
BRDA:181,17,2,0
BRDA:197,18,0,0
BRDA:197,18,1,0
BRF:41
BRH:0
end_of_record
TN:
SF:routes\contact.js
FN:11,(anonymous_0)
FN:60,(anonymous_1)
FN:79,(anonymous_2)
FN:104,(anonymous_3)
FNF:4
FNH:0
FNDA:0,(anonymous_0)
FNDA:0,(anonymous_1)
FNDA:0,(anonymous_2)
FNDA:0,(anonymous_3)
DA:1,0
DA:2,0
DA:3,0
DA:4,0
DA:6,0
DA:11,0
DA:12,0
DA:13,0
DA:16,0
DA:19,0
DA:20,0
DA:22,0
DA:27,0
DA:28,0
DA:30,0
DA:33,0
DA:49,0
DA:50,0
DA:60,0
DA:61,0
DA:62,0
DA:64,0
DA:69,0
DA:70,0
DA:76,0
DA:79,0
DA:93,0
DA:94,0
DA:104,0
DA:105,0
DA:106,0
DA:107,0
DA:113,0
DA:122,0
DA:131,0
DA:142,0
DA:143,0
DA:150,0
LF:38
LH:0
BRDA:69,0,0,0
BRDA:69,0,1,0
BRDA:69,1,0,0
BRDA:69,1,1,0
BRF:4
BRH:0
end_of_record
TN:
SF:routes\courses.js
FN:11,(anonymous_0)
FN:26,(anonymous_1)
FN:56,(anonymous_2)
FN:95,(anonymous_3)
FN:117,(anonymous_4)
FN:150,(anonymous_5)
FN:182,(anonymous_6)
FNF:7
FNH:0
FNDA:0,(anonymous_0)
FNDA:0,(anonymous_1)
FNDA:0,(anonymous_2)
FNDA:0,(anonymous_3)
FNDA:0,(anonymous_4)
FNDA:0,(anonymous_5)
FNDA:0,(anonymous_6)
DA:1,0
DA:2,0
DA:3,0
DA:4,0
DA:6,0
DA:11,0
DA:12,0
DA:13,0
DA:16,0
DA:17,0
DA:19,0
DA:23,0
DA:26,0
DA:45,0
DA:46,0
DA:56,0
DA:57,0
DA:58,0
DA:61,0
DA:62,0
DA:68,0
DA:80,0
DA:81,0
DA:89,0
DA:90,0
DA:95,0
DA:96,0
DA:97,0
DA:99,0
DA:106,0
DA:107,0
DA:117,0
DA:118,0
DA:119,0
DA:125,0
DA:126,0
DA:132,0
DA:139,0
DA:140,0
DA:150,0
DA:151,0
DA:152,0
DA:154,0
DA:155,0
DA:162,0
DA:163,0
DA:165,0
DA:171,0
DA:172,0
DA:182,0
DA:183,0
DA:184,0
DA:186,0
DA:187,0
DA:193,0
DA:194,0
DA:195,0
DA:201,0
DA:202,0
DA:203,0
DA:208,0
DA:210,0
DA:211,0
DA:216,0
DA:219,0
DA:221,0
DA:231,0
DA:232,0
DA:239,0
LF:69
LH:0
BRDA:13,0,0,0
BRDA:17,1,0,0
BRDA:17,1,1,0
BRDA:61,2,0,0
BRDA:61,2,1,0
BRDA:125,3,0,0
BRDA:125,3,1,0
BRDA:154,4,0,0
BRDA:154,4,1,0
BRDA:186,5,0,0
BRDA:186,5,1,0
BRDA:194,6,0,0
BRDA:194,6,1,0
BRDA:201,7,0,0
BRDA:201,7,1,0
BRDA:202,8,0,0
BRDA:202,8,1,0
BRDA:210,9,0,0
BRDA:210,9,1,0
BRF:19
BRH:0
end_of_record
TN:
SF:routes\students.js
FN:13,(anonymous_0)
FN:45,(anonymous_1)
FN:80,(anonymous_2)
FN:118,(anonymous_3)
FN:159,(anonymous_4)
FN:180,(anonymous_5)
FN:219,(anonymous_6)
FN:272,(anonymous_7)
FN:319,(anonymous_8)
FNF:9
FNH:0
FNDA:0,(anonymous_0)
FNDA:0,(anonymous_1)
FNDA:0,(anonymous_2)
FNDA:0,(anonymous_3)
FNDA:0,(anonymous_4)
FNDA:0,(anonymous_5)
FNDA:0,(anonymous_6)
FNDA:0,(anonymous_7)
FNDA:0,(anonymous_8)
DA:1,0
DA:2,0
DA:3,0
DA:5,0
DA:8,0
DA:13,0
DA:14,0
DA:15,0
DA:18,0
DA:19,0
DA:20,0
DA:21,0
DA:22,0
DA:23,0
DA:31,0
DA:34,0
DA:40,0
DA:42,0
DA:45,0
DA:69,0
DA:70,0
DA:80,0
DA:81,0
DA:82,0
DA:88,0
DA:89,0
DA:95,0
DA:107,0
DA:108,0
DA:118,0
DA:119,0
DA:120,0
DA:123,0
DA:124,0
DA:125,0
DA:126,0
DA:128,0
DA:134,0
DA:135,0
DA:141,0
DA:148,0
DA:149,0
DA:159,0
DA:160,0
DA:161,0
DA:163,0
DA:164,0
DA:170,0
DA:171,0
DA:172,0
DA:179,0
DA:180,0
DA:183,0
DA:184,0
DA:191,0
DA:197,0
DA:199,0
DA:208,0
DA:209,0
DA:219,0
DA:220,0
DA:221,0
DA:223,0
DA:224,0
DA:230,0
DA:231,0
DA:232,0
DA:239,0
DA:247,0
DA:249,0
DA:251,0
DA:261,0
DA:262,0
DA:272,0
DA:273,0
DA:274,0
DA:276,0
DA:277,0
DA:283,0
DA:284,0
DA:285,0
DA:292,0
DA:300,0
DA:302,0
DA:308,0
DA:309,0
DA:319,0
DA:320,0
DA:321,0
DA:323,0
DA:324,0
DA:330,0
DA:331,0
DA:332,0
DA:339,0
DA:348,0
DA:350,0
DA:356,0
DA:357,0
DA:364,0
LF:100
LH:0
BRDA:15,0,0,0
BRDA:15,1,0,0
BRDA:19,2,0,0
BRDA:19,2,1,0
BRDA:20,3,0,0
BRDA:20,3,1,0
BRDA:21,4,0,0
BRDA:21,4,1,0
BRDA:22,5,0,0
BRDA:22,5,1,0
BRDA:88,6,0,0
BRDA:88,6,1,0
BRDA:134,7,0,0
BRDA:134,7,1,0
BRDA:163,8,0,0
BRDA:163,8,1,0
BRDA:163,9,0,0
BRDA:163,9,1,0
BRDA:171,10,0,0
BRDA:171,10,1,0
BRDA:183,11,0,0
BRDA:183,11,1,0
BRDA:194,12,0,0
BRDA:194,12,1,0
BRDA:223,13,0,0
BRDA:223,13,1,0
BRDA:231,14,0,0
BRDA:231,14,1,0
BRDA:243,15,0,0
BRDA:243,15,1,0
BRDA:276,16,0,0
BRDA:276,16,1,0
BRDA:284,17,0,0
BRDA:284,17,1,0
BRDA:296,18,0,0
BRDA:296,18,1,0
BRDA:297,19,0,0
BRDA:297,19,1,0
BRDA:323,20,0,0
BRDA:323,20,1,0
BRDA:323,21,0,0
BRDA:323,21,1,0
BRDA:323,21,2,0
BRDA:323,21,3,0
BRDA:331,22,0,0
BRDA:331,22,1,0
BRF:46
BRH:0
end_of_record
TN:
SF:services\CertificateService.js
FN:11,(anonymous_0)
FN:26,(anonymous_1)
FN:121,(anonymous_2)
FN:139,(anonymous_3)
FN:153,(anonymous_4)
FN:193,(anonymous_5)
FN:220,(anonymous_6)
FN:230,(anonymous_7)
FNF:8
FNH:7
FNDA:18,(anonymous_0)
FNDA:247,(anonymous_1)
FNDA:2,(anonymous_2)
FNDA:1,(anonymous_3)
FNDA:287,(anonymous_4)
FNDA:0,(anonymous_5)
FNDA:1245,(anonymous_6)
FNDA:1,(anonymous_7)
DA:1,2
DA:2,2
DA:3,2
DA:4,2
DA:5,2
DA:6,2
DA:7,2
DA:8,2
DA:12,18
DA:13,18
DA:27,247
DA:29,247
DA:30,1
DA:34,246
DA:35,246
DA:36,1
DA:40,245
DA:41,245
DA:42,0
DA:46,245
DA:47,1
DA:51,244
DA:54,244
DA:69,244
DA:80,244
DA:81,244
DA:84,244
DA:85,244
DA:88,244
DA:91,244
DA:92,244
DA:93,244
DA:96,244
DA:97,244
DA:100,244
DA:101,244
DA:102,244
DA:103,244
DA:105,0
DA:109,244
DA:111,3
DA:112,3
DA:122,2
DA:127,2
DA:128,1
DA:131,1
DA:140,1
DA:145,1
DA:154,287
DA:155,287
DA:160,287
DA:161,102
DA:168,185
DA:180,0
DA:181,0
DA:194,0
DA:195,0
DA:196,0
DA:200,0
DA:209,0
DA:210,0
DA:213,0
DA:222,1245
DA:223,1245
DA:231,1
DA:243,1
DA:244,1
DA:246,1
DA:254,2
LF:69
LH:58
BRDA:29,0,0,1
BRDA:29,0,1,246
BRDA:29,1,0,247
BRDA:29,1,1,247
BRDA:29,1,2,246
BRDA:29,1,3,246
BRDA:35,2,0,1
BRDA:35,2,1,245
BRDA:41,3,0,0
BRDA:41,3,1,245
BRDA:41,4,0,245
BRDA:41,4,1,245
BRDA:46,5,0,1
BRDA:46,5,1,244
BRDA:127,6,0,1
BRDA:127,6,1,1
BRDA:160,7,0,102
BRDA:160,7,1,185
BRDA:195,8,0,0
BRDA:195,8,1,0
BRF:20
BRH:17
end_of_record
TN:
SF:services\NotificationService.js
FN:4,(anonymous_0)
FN:20,(anonymous_1)
FN:59,(anonymous_2)
FN:124,(anonymous_3)
FN:140,(anonymous_4)
FN:149,(anonymous_5)
FN:163,(anonymous_6)
FN:187,(anonymous_7)
FNF:8
FNH:1
FNDA:18,(anonymous_0)
FNDA:0,(anonymous_1)
FNDA:0,(anonymous_2)
FNDA:0,(anonymous_3)
FNDA:0,(anonymous_4)
FNDA:0,(anonymous_5)
FNDA:0,(anonymous_6)
FNDA:0,(anonymous_7)
DA:1,2
DA:5,18
DA:21,0
DA:22,0
DA:24,0
DA:38,0
DA:39,0
DA:42,0
DA:45,0
DA:48,0
DA:49,0
DA:60,0
DA:61,0
DA:63,0
DA:125,0
DA:130,0
DA:141,0
DA:142,0
DA:144,0
DA:145,0
DA:148,0
DA:149,0
DA:150,0
DA:152,0
DA:153,0
DA:164,0
DA:165,0
DA:172,0
DA:173,0
DA:176,0
DA:177,0
DA:188,0
DA:228,2
LF:33
LH:3
BRDA:38,0,0,0
BRDA:38,0,1,0
BRDA:38,1,0,0
BRDA:38,1,1,0
BRDA:61,2,0,0
BRDA:61,2,1,0
BRDA:90,3,0,0
BRDA:90,3,1,0
BRDA:91,4,0,0
BRDA:91,4,1,0
BRDA:130,5,0,0
BRDA:130,5,1,0
BRDA:140,6,0,0
BRDA:144,7,0,0
BRDA:144,7,1,0
BRF:15
BRH:0
end_of_record
TN:
SF:services\TemplateService.js
FN:7,(anonymous_0)
FN:20,(anonymous_1)
FN:37,(anonymous_2)
FN:44,(anonymous_3)
FN:62,(anonymous_4)
FN:81,(anonymous_5)
FN:114,(anonymous_6)
FN:151,(anonymous_7)
FN:153,(anonymous_8)
FN:154,(anonymous_9)
FN:169,(anonymous_10)
FN:248,(anonymous_11)
FN:303,(anonymous_12)
FN:370,(anonymous_13)
FN:445,(anonymous_14)
FN:520,(anonymous_15)
FNF:16
FNH:4
FNDA:18,(anonymous_0)
FNDA:0,(anonymous_1)
FNDA:0,(anonymous_2)
FNDA:0,(anonymous_3)
FNDA:0,(anonymous_4)
FNDA:0,(anonymous_5)
FNDA:0,(anonymous_6)
FNDA:0,(anonymous_7)
FNDA:0,(anonymous_8)
FNDA:0,(anonymous_9)
FNDA:0,(anonymous_10)
FNDA:0,(anonymous_11)
FNDA:18,(anonymous_12)
FNDA:18,(anonymous_13)
FNDA:18,(anonymous_14)
FNDA:0,(anonymous_15)
DA:1,2
DA:2,2
DA:3,2
DA:4,2
DA:8,18
DA:21,0
DA:22,0
DA:23,0
DA:24,0
DA:26,0
DA:27,0
DA:38,0
DA:39,0
DA:40,0
DA:41,0
DA:44,0
DA:45,0
DA:46,0
DA:50,0
DA:52,0
DA:53,0
DA:63,0
DA:64,0
DA:65,0
DA:66,0
DA:68,0
DA:70,0
DA:71,0
DA:82,0
DA:83,0
DA:85,0
DA:100,0
DA:101,0
DA:103,0
DA:104,0
DA:115,0
DA:116,0
DA:119,0
DA:125,0
DA:126,0
DA:131,0
DA:132,0
DA:133,0
DA:138,0
DA:143,0
DA:144,0
DA:148,0
DA:151,0
DA:152,0
DA:153,0
DA:154,0
DA:155,0
DA:158,0
DA:159,0
DA:170,0
DA:171,0
DA:172,0
DA:175,0
DA:176,0
DA:179,0
DA:180,0
DA:182,0
DA:183,0
DA:184,0
DA:186,0
DA:187,0
DA:191,0
DA:193,0
DA:199,0
DA:202,0
DA:203,0
DA:209,0
DA:212,0
DA:214,0
DA:215,0
DA:216,0
DA:217,0
DA:222,0
DA:225,0
DA:229,0
DA:235,0
DA:238,0
DA:250,0
DA:271,0
DA:272,0
DA:276,0
DA:277,0
DA:281,0
DA:282,0
DA:283,0
DA:284,0
DA:285,0
DA:287,0
DA:288,0
DA:292,0
DA:293,0
DA:297,0
DA:304,18
DA:371,18
DA:446,18
DA:521,0
DA:522,0
DA:523,0
DA:528,0
DA:529,0
DA:535,0
DA:536,0
DA:540,0
DA:545,2
LF:109
LH:9
BRDA:40,0,0,0
BRDA:40,0,1,0
BRDA:45,1,0,0
BRDA:45,1,1,0
BRDA:65,2,0,0
BRDA:65,2,1,0
BRDA:81,3,0,0
BRDA:100,4,0,0
BRDA:100,4,1,0
BRDA:121,5,0,0
BRDA:121,5,1,0
BRDA:125,6,0,0
BRDA:125,6,1,0
BRDA:125,7,0,0
BRDA:125,7,1,0
BRDA:131,8,0,0
BRDA:131,8,1,0
BRDA:172,9,0,0
BRDA:172,9,1,0
BRDA:179,10,0,0
BRDA:179,10,1,0
BRDA:182,11,0,0
BRDA:182,11,1,0
BRDA:191,12,0,0
BRDA:191,12,1,0
BRDA:191,12,2,0
BRDA:191,12,3,0
BRDA:193,13,0,0
BRDA:193,13,1,0
BRDA:197,14,0,0
BRDA:197,14,1,0
BRDA:203,15,0,0
BRDA:203,15,1,0
BRDA:207,16,0,0
BRDA:207,16,1,0
BRDA:212,17,0,0
BRDA:212,17,1,0
BRDA:212,18,0,0
BRDA:212,18,1,0
BRDA:215,19,0,0
BRDA:215,19,1,0
BRDA:229,20,0,0
BRDA:229,20,1,0
BRDA:233,21,0,0
BRDA:233,21,1,0
BRDA:271,22,0,0
BRDA:271,22,1,0
BRDA:276,23,0,0
BRDA:276,23,1,0
BRDA:284,24,0,0
BRDA:284,24,1,0
BRDA:284,25,0,0
BRDA:284,25,1,0
BRDA:292,26,0,0
BRDA:292,26,1,0
BRDA:297,27,0,0
BRDA:297,27,1,0
BRDA:528,28,0,0
BRDA:528,28,1,0
BRF:59
BRH:0
end_of_record
